Arguments: 
  /usr/local/bin/node /usr/local/Cellar/yarn/1.9.2/libexec/bin/yarn.js install

PATH: 
  /Library/Frameworks/Python.framework/Versions/3.7/bin:/usr/local/bin:/usr/bin:/bin:/usr/sbin:/sbin:/usr/local/share/dotnet:~/.dotnet/tools:/Library/Frameworks/Mono.framework/Versions/Current/Commands:/Library/Frameworks/Python.framework/Versions/3.7/bin

Yarn version: 
  1.9.2

Node version: 
  10.15.3

Platform: 
  darwin x64

Trace: 
  Error: https://registry.yarnpkg.com/ws: ETIMEDOUT
      at Timeout._onTimeout (/usr/local/Cellar/yarn/1.9.2/libexec/lib/cli.js:138076:19)
      at ontimeout (timers.js:436:11)
      at tryOnTimeout (timers.js:300:5)
      at listOnTimeout (timers.js:263:5)
      at Timer.processTimers (timers.js:223:10)

npm manifest: 
  {
    "scripts": {
      "start": "node app.js"
    },
    "dependencies": {
      "ws": "^6.0.0"
    }
  }

yarn manifest: 
  No manifest

Lockfile: 
  No lockfile
